<?xml version="1.0" encoding="UTF-8"?>
<testsuite xmlns:xsi="http://www.w3.org/2001/XMLSchema-instance" xsi:noNamespaceSchemaLocation="https://maven.apache.org/surefire/maven-surefire-plugin/xsd/surefire-test-report.xsd" name="com.binance.Runner.CukesRunner" time="56.201" tests="3" errors="1" skipped="0" failures="0">
  <properties>
[...]
</properties>
  <testcase name="Trader able to see the COVERT option under the TRADE" classname="EMPTY_NAME" time="26.213"/>
  <testcase name="Trader able to see ALG BUSD option" classname="EMPTY_NAME" time="16.33"/>
  <testcase name="Trader able to see ALG BUSD option" classname="EMPTY_NAME" time="11.001">
    <error message="invalid selector: Unable to locate an element with the xpath expression (//svg[@class=&quot;css-8qwo6f&quot;] because of the following error:&#10;SyntaxError: Failed to execute &apos;evaluate&apos; on &apos;Document&apos;: The string &apos;(//svg[@class=&quot;css-8qwo6f&quot;]&apos; is not a valid XPath expression.&#10;  (Session info: chrome=88.0.4324.104)&#10;For documentation on this error, please visit: https://www.seleniumhq.org/exceptions/invalid_selector_exception.html&#10;Build info: version: &apos;3.141.59&apos;, revision: &apos;e82be7d358&apos;, time: &apos;2018-11-14T08:17:03&apos;&#10;System info: host: &apos;BAIRO&apos;, ip: &apos;192.168.1.228&apos;, os.name: &apos;Windows 10&apos;, os.arch: &apos;amd64&apos;, os.version: &apos;10.0&apos;, java.version: &apos;13.0.2&apos;&#10;Driver info: org.openqa.selenium.chrome.ChromeDriver&#10;Capabilities {acceptInsecureCerts: false, browserName: chrome, browserVersion: 88.0.4324.104, chrome: {chromedriverVersion: 88.0.4324.96 (68dba2d8a0b14..., userDataDir: C:\Users\wcc-2\AppData\Loca...}, goog:chromeOptions: {debuggerAddress: localhost:56625}, javascriptEnabled: true, networkConnectionEnabled: false, pageLoadStrategy: normal, platform: WINDOWS, platformName: WINDOWS, proxy: Proxy(), setWindowRect: true, strictFileInteractability: false, timeouts: {implicit: 0, pageLoad: 300000, script: 30000}, unhandledPromptBehavior: dismiss and notify, webauthn:extension:largeBlob: true, webauthn:virtualAuthenticators: true}&#10;Session ID: d3c2ea9a9ee75fccff0660685035d463&#10;*** Element info: {Using=xpath, value=(//svg[@class=&quot;css-8qwo6f&quot;]}" type="org.openqa.selenium.InvalidSelectorException">org.openqa.selenium.InvalidSelectorException: 
invalid selector: Unable to locate an element with the xpath expression (//svg[@class="css-8qwo6f"] because of the following error:
SyntaxError: Failed to execute 'evaluate' on 'Document': The string '(//svg[@class="css-8qwo6f"]' is not a valid XPath expression.
  (Session info: chrome=88.0.4324.104)
For documentation on this error, please visit: https://www.seleniumhq.org/exceptions/invalid_selector_exception.html
Build info: version: '3.141.59', revision: 'e82be7d358', time: '2018-11-14T08:17:03'
System info: host: 'BAIRO', ip: '192.168.1.228', os.name: 'Windows 10', os.arch: 'amd64', os.version: '10.0', java.version: '13.0.2'
Driver info: org.openqa.selenium.chrome.ChromeDriver
Capabilities {acceptInsecureCerts: false, browserName: chrome, browserVersion: 88.0.4324.104, chrome: {chromedriverVersion: 88.0.4324.96 (68dba2d8a0b14..., userDataDir: C:\Users\wcc-2\AppData\Loca...}, goog:chromeOptions: {debuggerAddress: localhost:56625}, javascriptEnabled: true, networkConnectionEnabled: false, pageLoadStrategy: normal, platform: WINDOWS, platformName: WINDOWS, proxy: Proxy(), setWindowRect: true, strictFileInteractability: false, timeouts: {implicit: 0, pageLoad: 300000, script: 30000}, unhandledPromptBehavior: dismiss and notify, webauthn:extension:largeBlob: true, webauthn:virtualAuthenticators: true}
Session ID: d3c2ea9a9ee75fccff0660685035d463
*** Element info: {Using=xpath, value=(//svg[@class="css-8qwo6f"]}
</error>
  </testcase>
</testsuite>